<?xml version="1.0" encoding="UTF-8"?>
<!-- Generated by org.testng.reporters.JUnitReportReporter -->
<testsuite hostname="WRO1-LDL-P11033" failures="0" tests="2" name="com.saucedemo.LoginTests" time="5.612" errors="0" timestamp="2022-09-29T11:52:14 CEST" skipped="0">
  <testcase classname="com.saucedemo.LoginTests" name="positiveLoginTest" time="3.444"/>
  <system-out/>
  <testcase classname="com.saucedemo.LoginTests" name="negativeLoginTests" time="2.168"/>
  <system-out/>
</testsuite> <!-- com.saucedemo.LoginTests -->
