<?xml version="1.0" encoding="UTF-8"?>
<!-- Generated by org.testng.reporters.JUnitReportReporter -->
<testsuite hostname="WRO1-LDL-P11033" failures="0" tests="2" name="com.saucedemo.Tests.LoginTests" time="6.894" errors="0" timestamp="2022-09-29T15:16:43 CEST" skipped="0">
  <testcase classname="com.saucedemo.Tests.LoginTests" name="positiveLoginTest" time="4.307"/>
  <system-out/>
  <testcase classname="com.saucedemo.Tests.LoginTests" name="negativeLoginTests" time="2.587"/>
  <system-out/>
</testsuite> <!-- com.saucedemo.Tests.LoginTests -->
