<?xml version="1.0" encoding="UTF-8"?>
<!-- Generated by org.testng.reporters.JUnitReportReporter -->
<testsuite hostname="WRO1-LDL-P11033" failures="0" tests="1" name="com.saucedemo.Tests.BuyingProcessTest" time="3.897" errors="0" timestamp="2022-09-30T13:57:17 CEST" skipped="0">
  <testcase classname="com.saucedemo.Tests.BuyingProcessTest" name="buyingProcess" time="3.897"/>
  <system-out/>
</testsuite> <!-- com.saucedemo.Tests.BuyingProcessTest -->
