<?xml version="1.0" encoding="UTF-8"?>
<!-- Generated by org.testng.reporters.JUnitReportReporter -->
<testsuite hostname="WRO1-LDL-P11033" failures="0" tests="1" name="com.saucedemo.Tests.NegativeLoginTest" time="2.800" errors="0" timestamp="2022-09-29T17:16:04 CEST" skipped="0">
  <testcase classname="com.saucedemo.Tests.NegativeLoginTest" name="negativeLoginTests" time="2.800"/>
  <system-out/>
</testsuite> <!-- com.saucedemo.Tests.NegativeLoginTest -->
